{"level":"INFO","ts":"2022-09-29T17:32:56.572+0300","msg":"calendar is running..."}
{"level":"DEBUG","ts":"2022-10-02T12:23:09.627+0300","msg":"connect pg db to url='localhost:5432'"}
{"level":"DEBUG","ts":"2022-10-02T12:23:09.628+0300","msg":"close connection pg db to url='localhost:5432'"}
{"level":"DEBUG","ts":"2022-10-02T12:23:40.050+0300","msg":"connect pg db to url='localhost:5432'"}
{"level":"DEBUG","ts":"2022-10-02T12:23:40.050+0300","msg":"close connection pg db to url='localhost:5432'"}
{"level":"DEBUG","ts":"2022-10-02T12:23:44.603+0300","msg":"connect pg db to url='localhost:5432'"}
{"level":"DEBUG","ts":"2022-10-02T12:23:44.603+0300","msg":"close connection pg db to url='localhost:5432'"}
{"level":"DEBUG","ts":"2022-10-02T12:23:47.783+0300","msg":"connect pg db to url='localhost:5432'"}
{"level":"DEBUG","ts":"2022-10-02T12:23:47.783+0300","msg":"close connection pg db to url='localhost:5432'"}
{"level":"DEBUG","ts":"2022-10-02T12:26:06.253+0300","msg":"connect pg db to url='localhost:5432'"}
{"level":"INFO","ts":"2022-10-02T12:26:06.253+0300","msg":"calendar is running..."}
{"level":"DEBUG","ts":"2022-10-02T12:27:07.284+0300","msg":"close connection pg db to url='localhost:5432'"}
{"level":"DEBUG","ts":"2022-10-02T12:27:08.632+0300","msg":"connect pg db to url='localhost:5432'"}
{"level":"INFO","ts":"2022-10-02T12:27:08.633+0300","msg":"calendar is running..."}
{"level":"DEBUG","ts":"2022-10-02T12:27:12.982+0300","msg":"close connection pg db to url='localhost:5432'"}
{"level":"DEBUG","ts":"2022-10-02T12:27:36.681+0300","msg":"connect pg db to url='localhost:5432'"}
{"level":"INFO","ts":"2022-10-02T12:27:36.681+0300","msg":"calendar is running..."}
{"level":"DEBUG","ts":"2022-10-02T12:27:38.794+0300","msg":"close connection pg db to url='localhost:5432'"}
{"level":"DEBUG","ts":"2022-10-02T12:27:47.657+0300","msg":"connect pg db to url='localhost:5432'"}
{"level":"INFO","ts":"2022-10-02T12:27:47.658+0300","msg":"calendar is running..."}
{"level":"DEBUG","ts":"2022-10-02T12:27:48.401+0300","msg":"close connection pg db to url='localhost:5432'"}
{"level":"DEBUG","ts":"2022-10-02T12:40:46.662+0300","msg":"connect pg db to url='localhost:5432'"}
{"level":"INFO","ts":"2022-10-02T12:40:46.663+0300","msg":"calendar is running..."}
{"level":"DEBUG","ts":"2022-10-02T12:40:48.286+0300","msg":"close connection pg db to url='localhost:5432'"}
{"level":"DEBUG","ts":"2022-10-02T13:18:43.179+0300","msg":"connect pg db to url='localhost:5432'"}
{"level":"DEBUG","ts":"2022-10-02T13:19:25.491+0300","msg":"close connection pg db to url='localhost:5432'"}
{"level":"DEBUG","ts":"2022-10-02T13:20:23.513+0300","msg":"connect pg db to url='localhost:5432'"}
{"level":"DEBUG","ts":"2022-10-02T13:20:23.513+0300","msg":"exec","sql":"INSERT INTO \n\t\t\totus.notification (\tid, ownerid, title, date, dateend, datenotification, description) \n\t\t\tVALUES ($1,$2,$3,$4,$5,$6,$7)","args":["d35fdf92-423b-11ed-b377-3822e2cd0bed",10,"title","2022-10-02T13:20:23.513280572+03:00","2022-10-02T23:20:23.513280647+03:00",{"Time":"0001-01-01T00:00:00Z","Valid":false},{"String":"","Valid":false}]}
{"level":"DEBUG","ts":"2022-10-02T13:20:23.518+0300","msg":"close connection pg db to url='localhost:5432'"}
{"level":"DEBUG","ts":"2022-10-02T13:23:40.913+0300","msg":"connect pg db to url='localhost:5432'"}
{"level":"DEBUG","ts":"2022-10-02T13:23:40.913+0300","msg":"exec","sql":"INSERT INTO \n\t\t\totus.notification (\tid, ownerid, title, date, dateend, datenotification, description) \n\t\t\tVALUES ($1,$2,$3,$4,$5,$6,$7)","args":["4908b3db-423c-11ed-800e-3822e2cd0bed",10,"title","2022-10-02T13:23:40.913147077+03:00","2022-10-02T23:23:40.913147157+03:00",{"Time":"0001-01-01T00:00:00Z","Valid":false},{"String":"","Valid":false}]}
{"level":"DEBUG","ts":"2022-10-02T13:23:40.916+0300","msg":"close connection pg db to url='localhost:5432'"}
{"level":"DEBUG","ts":"2022-10-02T17:14:50.618+0300","msg":"connect pg db to url='localhost:5432'"}
{"level":"DEBUG","ts":"2022-10-02T17:14:50.619+0300","msg":"exec","sql":"INSERT INTO \n\t\t\totus.notification (\tid, ownerid, title, date, dateend, datenotification, description) \n\t\t\tVALUES ($1,$2,$3,$4,$5,$6,$7)","args":["9405d8e3-425c-11ed-ae08-3822e2cd0bed",10,"title","2022-10-02T17:14:50.618901734+03:00","2022-10-03T03:14:50.618901797+03:00",{"Time":"0001-01-01T00:00:00Z","Valid":false},{"String":"","Valid":false}]}
{"level":"DEBUG","ts":"2022-10-02T17:14:50.622+0300","msg":"close connection pg db to url='localhost:5432'"}
{"level":"DEBUG","ts":"2022-10-02T17:14:57.619+0300","msg":"connect pg db to url='localhost:5432'"}
{"level":"DEBUG","ts":"2022-10-02T17:25:07.709+0300","msg":"connect pg db to url='localhost:5432'"}
{"level":"DEBUG","ts":"2022-10-02T17:25:15.583+0300","msg":"exec","sql":"INSERT INTO otus.notification (id, ownerid, title, date, dateend, datenotification, description) VALUES ($1,$2,$3,$4,$5,$6,$7)","args":["05263ae2-425e-11ed-a48c-3822e2cd0bed",10,"title","2022-10-02T17:25:07.709140555+03:00","2022-10-03T03:25:07.709140608+03:00",{"Time":"0001-01-01T00:00:00Z","Valid":false},{"String":"","Valid":false}]}
{"level":"DEBUG","ts":"2022-10-02T17:25:15.590+0300","msg":"close connection pg db to url='localhost:5432'"}
{"level":"DEBUG","ts":"2022-10-02T17:35:51.318+0300","msg":"connect pg db to url='localhost:5432'"}
{"level":"DEBUG","ts":"2022-10-02T17:35:51.319+0300","msg":"exec","action-id":null,"sql":"INSERT INTO otus.notification (id, ownerid, title, date, dateend, datenotification, description) VALUES ($1,$2,$3,$4,$5,$6,$7)","args":["837565e2-425f-11ed-bb04-3822e2cd0bed",10,"title","2022-10-02T17:35:51.318882301+03:00","2022-10-03T03:35:51.318882368+03:00",{"Time":"0001-01-01T00:00:00Z","Valid":false},{"String":"","Valid":false}]}
{"level":"DEBUG","ts":"2022-10-02T17:35:51.370+0300","msg":"close connection pg db to url='localhost:5432'"}
{"level":"DEBUG","ts":"2022-10-02T17:50:13.158+0300","msg":"connect pg db to url='localhost:5432'"}
{"level":"DEBUG","ts":"2022-10-02T17:50:25.473+0300","msg":"query","action-id":null,"sql":"SELECT id FROM otus.notification WHERE date >= $1 AND dateend <= $2","args":["2022-10-02T17:50:13.158498753+03:00","2022-10-03T03:50:13.158498872+03:00"]}
{"level":"DEBUG","ts":"2022-10-02T17:51:05.862+0300","msg":"exec","action-id":null,"sql":"INSERT INTO otus.notification (id, ownerid, title, date, dateend, datenotification, description) VALUES ($1,$2,$3,$4,$5,$6,$7)","args":["a4916c84-4261-11ed-8da4-3822e2cd0bed",10,"title","2022-10-02T17:50:13.158498753+03:00","2022-10-03T03:50:13.158498872+03:00",{"Time":"0001-01-01T00:00:00Z","Valid":false},{"String":"","Valid":false}]}
{"level":"DEBUG","ts":"2022-10-02T17:51:05.868+0300","msg":"close connection pg db to url='localhost:5432'"}
{"level":"DEBUG","ts":"2022-10-02T17:52:01.296+0300","msg":"connect pg db to url='localhost:5432'"}
{"level":"DEBUG","ts":"2022-10-02T17:52:01.296+0300","msg":"query","action-id":null,"sql":"SELECT id FROM otus.notification WHERE date >= $1 AND dateend <= $2","args":["2020-06-28T15:00:00Z","2020-06-28T18:00:00Z"]}
{"level":"DEBUG","ts":"2022-10-02T17:52:01.298+0300","msg":"exec","action-id":null,"sql":"INSERT INTO otus.notification (id, ownerid, title, date, dateend, datenotification, description) VALUES ($1,$2,$3,$4,$5,$6,$7)","args":["c59c7770-4261-11ed-a9b4-3822e2cd0bed",10,"title","2020-06-28T15:00:00Z","2020-06-28T18:00:00Z",{"Time":"0001-01-01T00:00:00Z","Valid":false},{"String":"","Valid":false}]}
{"level":"DEBUG","ts":"2022-10-02T17:52:01.301+0300","msg":"close connection pg db to url='localhost:5432'"}
{"level":"DEBUG","ts":"2022-10-02T17:52:23.557+0300","msg":"connect pg db to url='localhost:5432'"}
{"level":"DEBUG","ts":"2022-10-02T17:52:27.691+0300","msg":"query","action-id":null,"sql":"SELECT id FROM otus.notification WHERE date >= $1 AND dateend <= $2","args":["2020-06-28T15:00:00Z","2020-06-28T18:00:00Z"]}
{"level":"DEBUG","ts":"2022-10-02T17:52:31.273+0300","msg":"close connection pg db to url='localhost:5432'"}
{"level":"DEBUG","ts":"2022-10-02T18:14:10.530+0300","msg":"connect pg db to url='localhost:5432'"}
{"level":"DEBUG","ts":"2022-10-02T18:14:10.530+0300","msg":"query","action-id":null,"sql":"SELECT id FROM otus.notification WHERE date >= $1 AND dateend <= $2","args":["2019-06-28T15:00:00Z","2020-06-28T18:00:00Z"]}
{"level":"DEBUG","ts":"2022-10-02T18:14:10.531+0300","msg":"close connection pg db to url='localhost:5432'"}
{"level":"DEBUG","ts":"2022-10-02T18:14:20.232+0300","msg":"connect pg db to url='localhost:5432'"}
{"level":"DEBUG","ts":"2022-10-02T18:14:20.232+0300","msg":"query","action-id":null,"sql":"SELECT id FROM otus.notification WHERE date >= $1 AND dateend <= $2","args":["2019-06-28T15:00:00Z","2019-06-28T18:00:00Z"]}
{"level":"DEBUG","ts":"2022-10-02T18:14:20.234+0300","msg":"exec","action-id":null,"sql":"UPDATE  otus.notification SET id=$1, ownerid=$2, title=$3, date=$4, dateend=$5, datenotification=$6, description=$7) VALUES ($1,$2,$3,$4,$5,$6,$7)","args":["",10,"title new","2019-06-28T15:00:00Z","2019-06-28T18:00:00Z",{"Time":"0001-01-01T00:00:00Z","Valid":false},{"String":"","Valid":false}]}
{"level":"DEBUG","ts":"2022-10-02T18:14:20.234+0300","msg":"close connection pg db to url='localhost:5432'"}
{"level":"DEBUG","ts":"2022-10-02T18:15:20.104+0300","msg":"connect pg db to url='localhost:5432'"}
{"level":"DEBUG","ts":"2022-10-02T18:15:20.104+0300","msg":"query","action-id":null,"sql":"SELECT id FROM otus.notification WHERE date >= $1 AND dateend <= $2","args":["2019-06-28T15:00:00Z","2019-06-28T18:00:00Z"]}
{"level":"DEBUG","ts":"2022-10-02T18:15:20.106+0300","msg":"exec","action-id":null,"sql":"UPDATE otus.notification SET ownerid=$2, title=$3, date=$4, dateend=$5, datenotification=$6, description=$7WHERE  id=$1","args":["",10,"title new","2019-06-28T15:00:00Z","2019-06-28T18:00:00Z",{"Time":"0001-01-01T00:00:00Z","Valid":false},{"String":"","Valid":false}]}
{"level":"DEBUG","ts":"2022-10-02T18:15:20.109+0300","msg":"close connection pg db to url='localhost:5432'"}
{"level":"DEBUG","ts":"2022-10-02T18:15:53.639+0300","msg":"connect pg db to url='localhost:5432'"}
{"level":"DEBUG","ts":"2022-10-02T18:15:53.640+0300","msg":"query","action-id":null,"sql":"SELECT id FROM otus.notification WHERE date >= $1 AND dateend <= $2","args":["2019-06-28T15:00:00Z","2019-06-28T18:00:00Z"]}
{"level":"DEBUG","ts":"2022-10-02T18:15:53.641+0300","msg":"exec","action-id":null,"sql":"UPDATE otus.notification SET ownerid=$2, title=$3, date=$4, dateend=$5, datenotification=$6, description=$7 WHERE  id=$1","args":["",10,"title new","2019-06-28T15:00:00Z","2019-06-28T18:00:00Z",{"Time":"0001-01-01T00:00:00Z","Valid":false},{"String":"","Valid":false}]}
{"level":"DEBUG","ts":"2022-10-02T18:15:53.643+0300","msg":"close connection pg db to url='localhost:5432'"}
{"level":"DEBUG","ts":"2022-10-02T18:16:30.379+0300","msg":"connect pg db to url='localhost:5432'"}
{"level":"DEBUG","ts":"2022-10-02T18:16:30.379+0300","msg":"query","action-id":null,"sql":"SELECT id FROM otus.notification WHERE date >= $1 AND dateend <= $2","args":["2019-06-28T15:00:00Z","2019-06-28T18:00:00Z"]}
{"level":"DEBUG","ts":"2022-10-02T18:16:30.380+0300","msg":"exec","action-id":null,"sql":"UPDATE otus.notification SET ownerid=$2, title=$3, date=$4, dateend=$5, datenotification=$6, description=$7 WHERE  id=$1","args":["c59c7770-4261-11ed-a9b4-3822e2cd0bed",10,"title new","2019-06-28T15:00:00Z","2019-06-28T18:00:00Z",{"Time":"0001-01-01T00:00:00Z","Valid":false},{"String":"","Valid":false}]}
{"level":"DEBUG","ts":"2022-10-02T18:16:30.383+0300","msg":"close connection pg db to url='localhost:5432'"}
{"level":"DEBUG","ts":"2022-10-02T18:44:04.539+0300","msg":"connect pg db to url='localhost:5432'"}
{"level":"DEBUG","ts":"2022-10-02T18:44:05.973+0300","msg":"query","action-id":null,"sql":"SELECT id, ownerid, title, date, dateend, datenotification, description FROM otus.notification WHERE date >= $1 AND dateend <= $2","args":["2019-06-28T00:00:00Z","2019-06-28T23:59:59Z"]}
{"level":"DEBUG","ts":"2022-10-02T18:44:17.915+0300","msg":"close connection pg db to url='localhost:5432'"}
{"level":"DEBUG","ts":"2022-10-02T18:44:39.232+0300","msg":"connect pg db to url='localhost:5432'"}
{"level":"DEBUG","ts":"2022-10-02T18:44:41.208+0300","msg":"query","action-id":null,"sql":"SELECT id, ownerid, title, date, dateend, datenotification, description FROM otus.notification WHERE date >= $1 AND dateend <= $2","args":["2019-06-28T00:00:00Z","2019-06-28T23:59:59Z"]}
{"level":"DEBUG","ts":"2022-10-02T18:44:48.945+0300","msg":"close connection pg db to url='localhost:5432'"}
{"level":"DEBUG","ts":"2022-10-02T18:44:57.828+0300","msg":"connect pg db to url='localhost:5432'"}
{"level":"DEBUG","ts":"2022-10-02T18:45:04.077+0300","msg":"query","action-id":null,"sql":"SELECT id, ownerid, title, date, dateend, datenotification, description FROM otus.notification","args":null}
{"level":"DEBUG","ts":"2022-10-02T18:45:07.787+0300","msg":"close connection pg db to url='localhost:5432'"}
